<?xml version="1.0" encoding="UTF-8"?>
<!-- Generated by org.testng.reporters.JUnitReportReporter -->
<testsuite hostname="MAVBCP3547" failures="0" tests="1" name="com.test.locators.classname" time="25.117" errors="0" timestamp="2021-12-04T12:24:25 IST" skipped="0">
  <testcase classname="com.test.locators.classname" name="chech" time="25.117"/>
  <system-out/>
</testsuite> <!-- com.test.locators.classname -->
