<?xml version="1.0" encoding="UTF-8"?>
<!-- Generated by org.testng.reporters.JUnitReportReporter -->
<testsuite skipped="0" hostname="MAVBCP3547" name="com.test.locators.Cssector" tests="1" failures="0" timestamp="2021-12-10T13:10:05 IST" time="31.491" errors="0">
  <testcase name="run" time="31.491" classname="com.test.locators.Cssector"/>
  <system-out/>
</testsuite> <!-- com.test.locators.Cssector -->
