<?xml version="1.0" encoding="UTF-8"?>
<!-- Generated by org.testng.reporters.JUnitReportReporter -->
<testsuite skipped="0" hostname="MAVBCP3547" name="com.test.locators.TestlocatorID" tests="1" failures="0" timestamp="2021-12-04T13:38:52 IST" time="0.019" errors="0">
  <testcase name="main" time="0.019" classname="com.test.locators.TestlocatorID"/>
  <system-out/>
</testsuite> <!-- com.test.locators.TestlocatorID -->
