<?xml version="1.0" encoding="UTF-8"?>
<!-- Generated by org.testng.reporters.JUnitReportReporter -->
<testsuite hostname="MAVBCP3547" failures="0" tests="1" name="com.test.locators.Xpath" time="27.990" errors="0" timestamp="2021-12-04T12:12:45 IST" skipped="0">
  <testcase classname="com.test.locators.Xpath" name="run" time="27.990"/>
  <system-out/>
</testsuite> <!-- com.test.locators.Xpath -->
