<?xml version="1.0" encoding="UTF-8"?>
<!-- Generated by org.testng.reporters.JUnitReportReporter -->
<testsuite skipped="0" hostname="MAVBCP3547" name="com.test.locators.Cssector" tests="1" failures="0" timestamp="2021-12-04T13:40:42 IST" time="25.909" errors="0">
  <testcase name="run" time="25.909" classname="com.test.locators.Cssector"/>
  <system-out/>
</testsuite> <!-- com.test.locators.Cssector -->
