<?xml version="1.0" encoding="UTF-8"?>
<!-- Generated by org.testng.reporters.JUnitReportReporter -->
<testsuite skipped="0" hostname="MAVBCP3547" name="com.test.locators.classname" tests="1" failures="0" timestamp="2021-12-10T12:54:58 IST" time="36.390" errors="0">
  <testcase name="chech" time="36.390" classname="com.test.locators.classname"/>
  <system-out/>
</testsuite> <!-- com.test.locators.classname -->
