<?xml version="1.0" encoding="UTF-8"?>
<!-- Generated by org.testng.reporters.JUnitReportReporter -->
<testsuite skipped="0" hostname="MAVBCP3547" name="com.tests.pageobjects.OrangeHRM" tests="1" failures="0" timestamp="2021-12-08T15:58:33 IST" time="19.631" errors="0">
  <testcase name="VerifyValidLogin" time="19.631" classname="com.tests.pageobjects.OrangeHRM"/>
  <system-out/>
</testsuite> <!-- com.tests.pageobjects.OrangeHRM -->
